000000 180142268812 S1 T00000001 V. ts:2023/04/03 18:01:42.268812 os:windows
000001 180142269761 S1 T00000001 V. TWAINCSScan v1.0.0.0
000002 180147116331 S1 T00000001 V. 
000003 180147117335 S1 T00000001 V. twn> DG_CONTROL/DAT_PARENT/MSG_OPENDSM
000004 180147131370 S1 T00000001 V. twn> SUCCESS
000005 180147134378 S3 T00000001 V. 
000006 180147135381 S3 T00000001 V. twn> DG_CONTROL/DAT_IDENTITY/MSG_GETDEFAULT
000007 180147137586 S3 T00000001 V. twn> 1,16,1,ENGLISH_USA,USA,KDS v16.1 2018/2/7,2,4,0x40001003,Eastman Kodak,Document Imaging,KODAK Scanner: i2000
000008 180147138389 S3 T00000001 V. twn> SUCCESS
000009 180147138389 S3 T00000001 V. 
000010 180147139393 S3 T00000001 V. twn> DG_CONTROL/DAT_IDENTITY/MSG_GETFIRST
000011 180147139393 S3 T00000001 V. twn> 1,16,1,ENGLISH_USA,USA,KDS v16.1 2018/2/7,2,4,0x40001003,Eastman Kodak,Document Imaging,KODAK Scanner: i2000
000012 180147139393 S3 T00000001 V. twn> SUCCESS
000013 180147139393 S3 T00000001 V. 
000014 180147140394 S3 T00000001 V. twn> DG_CONTROL/DAT_IDENTITY/MSG_GETNEXT
000015 180147140394 S3 T00000001 V. twn> 1,16,1,ENGLISH_USA,USA,KDS v16.1 2018/2/7,2,4,0x40001003,Eastman Kodak,Document Imaging,KODAK Scanner: i2000
000016 180147140394 S3 T00000001 V. twn> ENDOFLIST
000017 180148118259 S3 T00000001 V. 
000018 180148119261 S3 T00000001 V. twn> DG_CONTROL/DAT_IDENTITY/MSG_SET
000019 180148119261 S3 T00000001 V. twn> 1,16,1,ENGLISH_USA,USA,KDS v16.1 2018/2/7,2,4,0x40001003,Eastman Kodak,Document Imaging,KODAK Scanner: i2000
000020 180148120264 S3 T00000001 V. twn> SUCCESS
000021 180148120264 S3 T00000001 V. 
000022 180148121267 S3 T00000001 V. twn> DG_CONTROL/DAT_IDENTITY/MSG_OPENDS
000023 180148121267 S3 T00000001 V. twn> 1,16,1,ENGLISH_USA,USA,KDS v16.1 2018/2/7,2,4,0x40001003,Eastman Kodak,Document Imaging,KODAK Scanner: i2000
000024 180149565215 S3 T00000001 V. twn> 1,16,1,ENGLISH_USA,USA,KDS v16.1 2018/2/7,2,4,0x40001003,Eastman Kodak,Document Imaging,KODAK Scanner: i2000
000025 180149565215 S3 T00000001 V. twn> SUCCESS
000026 180149581257 S4 T00000001 V. 
000027 180149581825 S4 T00000001 V. twn> DG_CONTROL/DAT_CAPABILITY/MSG_SET
000028 180149582259 S4 T00000001 V. twn> ICAP_XFERMECH,TWON_ONEVALUE,TWTY_UINT16,TWSX_MEMORY
000029 180149583262 S4 T00000001 V. twn> ICAP_XFERMECH,TWON_ONEVALUE,TWTY_UINT16,TWSX_MEMORY
000030 180149583262 S4 T00000001 V. twn> SUCCESS
000031 180149584265 S4 T00000001 V. 
000032 180149584265 S4 T00000001 V. twn> DG_CONTROL/DAT_CAPABILITY/MSG_SET
000033 180149585267 S4 T00000001 V. twn> CAP_INDICATORS,TWON_ONEVALUE,TWTY_BOOL,TRUE
000034 180149585267 S4 T00000001 V. twn> CAP_INDICATORS,TWON_ONEVALUE,TWTY_BOOL,TRUE
000035 180149586271 S4 T00000001 V. twn> SUCCESS
000036 180149590281 S4 T00000001 V. 
000037 180149590438 S4 T00000001 V. twn> DG_CONTROL/DAT_CAPABILITY/MSG_GETCURRENT
000038 180149590438 S4 T00000001 V. twn> CAP_CUSTOMDSDATA,0,0
000039 180149591284 S4 T00000001 V. twn> CAP_CUSTOMDSDATA,TWON_ONEVALUE,TWTY_BOOL,TRUE
000040 180149591284 S4 T00000001 V. twn> SUCCESS
