000000 180016798449 S1 T00000001 V. ts:2023/04/03 18:00:16.799545 os:windows
000001 180016799545 S1 T00000001 V. TWAINCSScan v1.0.0.0
000002 180020213186 S1 T00000001 V. 
000003 180020214358 S1 T00000001 V. twn> DG_CONTROL/DAT_PARENT/MSG_OPENDSM
000004 180020228208 S1 T00000001 V. twn> SUCCESS
000005 180020231215 S3 T00000001 V. 
000006 180020232217 S3 T00000001 V. twn> DG_CONTROL/DAT_IDENTITY/MSG_GETDEFAULT
000007 180020234223 S3 T00000001 V. twn> 1,16,1,ENGLISH_USA,USA,KDS v16.1 2018/2/7,2,4,0x40001003,Eastman Kodak,Document Imaging,KODAK Scanner: i2000
000008 180020235225 S3 T00000001 V. twn> SUCCESS
000009 180020235225 S3 T00000001 V. 
000010 180020236228 S3 T00000001 V. twn> DG_CONTROL/DAT_IDENTITY/MSG_GETFIRST
000011 180020236228 S3 T00000001 V. twn> 1,16,1,ENGLISH_USA,USA,KDS v16.1 2018/2/7,2,4,0x40001003,Eastman Kodak,Document Imaging,KODAK Scanner: i2000
000012 180020236228 S3 T00000001 V. twn> SUCCESS
000013 180020237232 S3 T00000001 V. 
000014 180020237232 S3 T00000001 V. twn> DG_CONTROL/DAT_IDENTITY/MSG_GETNEXT
000015 180020237232 S3 T00000001 V. twn> 1,16,1,ENGLISH_USA,USA,KDS v16.1 2018/2/7,2,4,0x40001003,Eastman Kodak,Document Imaging,KODAK Scanner: i2000
000016 180020237232 S3 T00000001 V. twn> ENDOFLIST
000017 180021487924 S3 T00000001 V. 
000018 180021487924 S3 T00000001 V. twn> DG_CONTROL/DAT_IDENTITY/MSG_SET
000019 180021488927 S3 T00000001 V. twn> 1,16,1,ENGLISH_USA,USA,KDS v16.1 2018/2/7,2,4,0x40001003,Eastman Kodak,Document Imaging,KODAK Scanner: i2000
000020 180021488927 S3 T00000001 V. twn> SUCCESS
000021 180021488927 S3 T00000001 V. 
000022 180021489931 S3 T00000001 V. twn> DG_CONTROL/DAT_IDENTITY/MSG_OPENDS
000023 180021489931 S3 T00000001 V. twn> 1,16,1,ENGLISH_USA,USA,KDS v16.1 2018/2/7,2,4,0x40001003,Eastman Kodak,Document Imaging,KODAK Scanner: i2000
000024 180025669431 S3 T00000001 V. twn> 1,16,1,ENGLISH_USA,USA,KDS v16.1 2018/2/7,2,4,0x40001003,Eastman Kodak,Document Imaging,KODAK Scanner: i2000
000025 180025669431 S3 T00000001 V. twn> SUCCESS
000026 180025684469 S4 T00000001 V. 
000027 180025685472 S4 T00000001 V. twn> DG_CONTROL/DAT_CAPABILITY/MSG_SET
000028 180025685472 S4 T00000001 V. twn> ICAP_XFERMECH,TWON_ONEVALUE,TWTY_UINT16,TWSX_MEMORY
000029 180025686474 S4 T00000001 V. twn> ICAP_XFERMECH,TWON_ONEVALUE,TWTY_UINT16,TWSX_MEMORY
000030 180025686474 S4 T00000001 V. twn> SUCCESS
000031 180025688479 S4 T00000001 V. 
000032 180025688479 S4 T00000001 V. twn> DG_CONTROL/DAT_CAPABILITY/MSG_SET
000033 180025688479 S4 T00000001 V. twn> CAP_INDICATORS,TWON_ONEVALUE,TWTY_BOOL,TRUE
000034 180025689482 S4 T00000001 V. twn> CAP_INDICATORS,TWON_ONEVALUE,TWTY_BOOL,TRUE
000035 180025689482 S4 T00000001 V. twn> SUCCESS
000036 180025693493 S4 T00000001 V. 
000037 180025694495 S4 T00000001 V. twn> DG_CONTROL/DAT_CAPABILITY/MSG_GETCURRENT
000038 180025694495 S4 T00000001 V. twn> CAP_CUSTOMDSDATA,0,0
000039 180025694495 S4 T00000001 V. twn> CAP_CUSTOMDSDATA,TWON_ONEVALUE,TWTY_BOOL,TRUE
000040 180025695499 S4 T00000001 V. twn> SUCCESS
